<?xml version="1.0" encoding="UTF-8"?>
<!-- Generated by org.testng.reporters.JUnitReportReporter -->
<testsuite skipped="0" hostname="DESKTOP-M5CHOVM" name="com.github.api.PostCalls" tests="2" failures="0" timestamp="24 Apr 2022 20:16:19 GMT" time="6.771" errors="0">
  <testcase name="test_createNewRepo" time="5.627" classname="com.github.api.PostCalls"/>
  <testcase name="test_createNewRepo" time="1.144" classname="com.github.api.PostCalls"/>
</testsuite> <!-- com.github.api.PostCalls -->
