<?xml version="1.0" encoding="UTF-8"?>
<!-- Generated by org.testng.reporters.JUnitReportReporter -->
<testsuite skipped="0" hostname="DESKTOP-M5CHOVM" name="com.github.api.GetCalls" tests="3" failures="0" timestamp="24 Apr 2022 19:53:02 GMT" time="20.832" errors="0">
  <testcase name="test_getAllPublicRepos" time="5.473" classname="com.github.api.GetCalls"/>
  <testcase name="verify_RepoOfUser" time="6.824" classname="com.github.api.GetCalls"/>
  <testcase name="verify_repoOfAuthenticateduser" time="8.535" classname="com.github.api.GetCalls"/>
</testsuite> <!-- com.github.api.GetCalls -->
