<?xml version="1.0" encoding="UTF-8"?>
<!-- Generated by org.testng.reporters.JUnitReportReporter -->
<testsuite skipped="0" hostname="DESKTOP-M5CHOVM" name="com.github.test.PostCalls" tests="2" failures="0" timestamp="23 Apr 2022 13:22:09 GMT" time="5.086" errors="0">
  <testcase name="test_createNewRepo" time="1.157" classname="com.github.test.PostCalls"/>
  <testcase name="test_createNewRepo" time="3.929" classname="com.github.test.PostCalls"/>
</testsuite> <!-- com.github.test.PostCalls -->
